Determining if the pthread_create exist failed with the following output:
Change Dir: /home/rana/Work/CarND-Capstone/ros/build/CMakeFiles/CMakeTmp

Run Build Command:"/usr/bin/make" "cmTC_1bd0a/fast"
/usr/bin/make -f CMakeFiles/cmTC_1bd0a.dir/build.make CMakeFiles/cmTC_1bd0a.dir/build
make[1]: Entering directory '/home/rana/Work/CarND-Capstone/ros/build/CMakeFiles/CMakeTmp'
Building C object CMakeFiles/cmTC_1bd0a.dir/CheckSymbolExists.c.o
/usr/bin/cc     -o CMakeFiles/cmTC_1bd0a.dir/CheckSymbolExists.c.o   -c /home/rana/Work/CarND-Capstone/ros/build/CMakeFiles/CMakeTmp/CheckSymbolExists.c
Linking C executable cmTC_1bd0a
/usr/bin/cmake -E cmake_link_script CMakeFiles/cmTC_1bd0a.dir/link.txt --verbose=1
/usr/bin/cc       CMakeFiles/cmTC_1bd0a.dir/CheckSymbolExists.c.o  -o cmTC_1bd0a -rdynamic 
CMakeFiles/cmTC_1bd0a.dir/CheckSymbolExists.c.o: In function `main':
CheckSymbolExists.c:(.text+0x16): undefined reference to `pthread_create'
collect2: error: ld returned 1 exit status
CMakeFiles/cmTC_1bd0a.dir/build.make:97: recipe for target 'cmTC_1bd0a' failed
make[1]: *** [cmTC_1bd0a] Error 1
make[1]: Leaving directory '/home/rana/Work/CarND-Capstone/ros/build/CMakeFiles/CMakeTmp'
Makefile:126: recipe for target 'cmTC_1bd0a/fast' failed
make: *** [cmTC_1bd0a/fast] Error 2

File /home/rana/Work/CarND-Capstone/ros/build/CMakeFiles/CMakeTmp/CheckSymbolExists.c:
/* */
#include <pthread.h>

int main(int argc, char** argv)
{
  (void)argv;
#ifndef pthread_create
  return ((int*)(&pthread_create))[argc];
#else
  (void)argc;
  return 0;
#endif
}

Determining if the function pthread_create exists in the pthreads failed with the following output:
Change Dir: /home/rana/Work/CarND-Capstone/ros/build/CMakeFiles/CMakeTmp

Run Build Command:"/usr/bin/make" "cmTC_1f3ba/fast"
/usr/bin/make -f CMakeFiles/cmTC_1f3ba.dir/build.make CMakeFiles/cmTC_1f3ba.dir/build
make[1]: Entering directory '/home/rana/Work/CarND-Capstone/ros/build/CMakeFiles/CMakeTmp'
Building C object CMakeFiles/cmTC_1f3ba.dir/CheckFunctionExists.c.o
/usr/bin/cc    -DCHECK_FUNCTION_EXISTS=pthread_create   -o CMakeFiles/cmTC_1f3ba.dir/CheckFunctionExists.c.o   -c /usr/share/cmake-3.5/Modules/CheckFunctionExists.c
Linking C executable cmTC_1f3ba
/usr/bin/cmake -E cmake_link_script CMakeFiles/cmTC_1f3ba.dir/link.txt --verbose=1
/usr/bin/cc   -DCHECK_FUNCTION_EXISTS=pthread_create    CMakeFiles/cmTC_1f3ba.dir/CheckFunctionExists.c.o  -o cmTC_1f3ba -rdynamic -lpthreads 
/usr/bin/ld: cannot find -lpthreads
collect2: error: ld returned 1 exit status
CMakeFiles/cmTC_1f3ba.dir/build.make:97: recipe for target 'cmTC_1f3ba' failed
make[1]: *** [cmTC_1f3ba] Error 1
make[1]: Leaving directory '/home/rana/Work/CarND-Capstone/ros/build/CMakeFiles/CMakeTmp'
Makefile:126: recipe for target 'cmTC_1f3ba/fast' failed
make: *** [cmTC_1f3ba/fast] Error 2


